\BOOKMARK [1][-]{section.1}{Introdu\347\343o}{}% 1
\BOOKMARK [1][-]{section.2}{An\341lise Lexical}{}% 2
\BOOKMARK [2][-]{subsection.2.1}{Tokens}{section.2}% 3
\BOOKMARK [2][-]{subsection.2.2}{Coment\341rios}{section.2}% 4
\BOOKMARK [2][-]{subsection.2.3}{Tratamento de Erros Lexicais}{section.2}% 5
\BOOKMARK [1][-]{section.3}{An\341lise Sint\341tica}{}% 6
\BOOKMARK [2][-]{subsection.3.1}{Gram\341tica}{section.3}% 7
\BOOKMARK [3][-]{subsubsection.3.1.1}{Ambiguidade}{subsection.3.1}% 8
\BOOKMARK [2][-]{subsection.3.2}{Altera\347\365es \340 Gram\341tica Fornecida}{section.3}% 9
\BOOKMARK [3][-]{subsubsection.3.2.1}{Defini\347\343o de Novos Tokens}{subsection.3.2}% 10
\BOOKMARK [3][-]{subsubsection.3.2.2}{Indexa\347\343o de Express\365es}{subsection.3.2}% 11
\BOOKMARK [3][-]{subsubsection.3.2.3}{Express\365es N\343o-Index\341veis}{subsection.3.2}% 12
\BOOKMARK [3][-]{subsubsection.3.2.4}{Express\365es Index\341veis}{subsection.3.2}% 13
\BOOKMARK [3][-]{subsubsection.3.2.5}{Altera\347\365es nas Regras da Gram\341tica}{subsection.3.2}% 14
\BOOKMARK [3][-]{subsubsection.3.2.6}{Tokens Opcionais}{subsection.3.2}% 15
\BOOKMARK [3][-]{subsubsection.3.2.7}{Tokens THEN e ELSE e o conflito IF-ELSE}{subsection.3.2}% 16
\BOOKMARK [3][-]{subsubsection.3.2.8}{Token UNARY\137HIGHEST\137VAL e as preced\352ncias dos operadores un\341rios}{subsection.3.2}% 17
\BOOKMARK [3][-]{subsubsection.3.2.9}{Token REDUCEEXPRESSON1 e as Express\365es Index\341veis}{subsection.3.2}% 18
\BOOKMARK [3][-]{subsubsection.3.2.10}{Gram\341tica Final}{subsection.3.2}% 19
\BOOKMARK [1][-]{section.4}{Constru\347\343o da \301rvore de Sintaxe Abstrata}{}% 20
\BOOKMARK [2][-]{subsection.4.1}{Representa\347\343o de n\363s}{section.4}% 21
\BOOKMARK [2][-]{subsection.4.2}{Representa\347\343o da \341rvore}{section.4}% 22
\BOOKMARK [2][-]{subsection.4.3}{Constru\347\343o da \341rvore}{section.4}% 23
\BOOKMARK [3][-]{subsubsection.4.3.1}{M\351todos auxiliares}{subsection.4.3}% 24
\BOOKMARK [3][-]{subsubsection.4.3.2}{YACC}{subsection.4.3}% 25
\BOOKMARK [3][-]{subsubsection.4.3.3}{CompoundStatements}{subsection.4.3}% 26
\BOOKMARK [3][-]{subsubsection.4.3.4}{N\363s null}{subsection.4.3}% 27
\BOOKMARK [3][-]{subsubsection.4.3.5}{Impress\343o da AST}{subsection.4.3}% 28
\BOOKMARK [1][-]{section.5}{An\341lise Sem\342ntica}{}% 29
\BOOKMARK [2][-]{subsection.5.1}{Tabelas de S\355mbolos}{section.5}% 30
\BOOKMARK [3][-]{subsubsection.5.1.1}{Cria\347\343o das Tabelas de S\355mbolos}{subsection.5.1}% 31
\BOOKMARK [3][-]{subsubsection.5.1.2}{Implementa\347\343o}{subsection.5.1}% 32
\BOOKMARK [3][-]{subsubsection.5.1.3}{Detec\347\343o de erros sem\342nticos nas declara\347\365es}{subsection.5.1}% 33
\BOOKMARK [3][-]{subsubsection.5.1.4}{Impress\343o}{subsection.5.1}% 34
\BOOKMARK [3][-]{subsubsection.5.1.5}{Conclus\343o}{subsection.5.1}% 35
\BOOKMARK [2][-]{subsection.5.2}{Detec\347\343o de Erros Sem\342nticos \(para al\351m de declara\347\365es\)}{section.5}% 36
\BOOKMARK [1][-]{section.6}{Gera\347\343o de C\363digo}{}% 37
\BOOKMARK [2][-]{subsection.6.1}{Vari\341veis tempor\341rias}{section.6}% 38
\BOOKMARK [2][-]{subsection.6.2}{Labels}{section.6}% 39
\BOOKMARK [2][-]{subsection.6.3}{Estruturas de dados}{section.6}% 40
\BOOKMARK [2][-]{subsection.6.4}{Retorno de m\351todos}{section.6}% 41
\BOOKMARK [2][-]{subsection.6.5}{Declara\347\343o de fun\347\365es e armazenamento de par\342metros na pilha}{section.6}% 42
\BOOKMARK [2][-]{subsection.6.6}{Arrays}{section.6}% 43
\BOOKMARK [2][-]{subsection.6.7}{Short-circuiting}{section.6}% 44
\BOOKMARK [2][-]{subsection.6.8}{Pr\363logo e ep\355logo}{section.6}% 45
\BOOKMARK [2][-]{subsection.6.9}{Operador new}{section.6}% 46
\BOOKMARK [2][-]{subsection.6.10}{Statements if-else e while}{section.6}% 47
\BOOKMARK [2][-]{subsection.6.11}{Acesso a par\342metros da linha de comandos}{section.6}% 48
\BOOKMARK [3][-]{subsubsection.6.11.1}{Operador .length}{subsection.6.11}% 49
\BOOKMARK [3][-]{subsubsection.6.11.2}{Integer.parseInt}{subsection.6.11}% 50
\BOOKMARK [2][-]{subsection.6.12}{Impress\343o no ecr\343}{section.6}% 51
\BOOKMARK [2][-]{subsection.6.13}{Opera\347\365es aritm\351ticas un\341rias}{section.6}% 52
\BOOKMARK [2][-]{subsection.6.14}{Compara\347\365es booleanas}{section.6}% 53
\BOOKMARK [2][-]{subsection.6.15}{Restantes opera\347\365es e statements}{section.6}% 54
\BOOKMARK [1][-]{section.7}{Aprecia\347\343o do Trabalho}{}% 55
